
> MinIONApp@0.0.1 test C:\cygwin\home\Marcin\myApp
> karma start test/karma.conf.js

[32mINFO [karma]: [39mKarma v0.10.10 server started at http://localhost:9876/
[32mINFO [launcher]: [39mStarting browser Chrome
[32mINFO [Chrome 40.0.2214 (Windows 7)]: [39mConnected on socket qjgfBrgiGt9eegLDA7xy
Chrome 40.0.2214 (Windows 7): Executed 1 of 2[32m SUCCESS[39m (0 secs / 0.025 secs)
[1A[2K[31mChrome 40.0.2214 (Windows 7) MinION controllers encountered a declaration exception FAILED[39m
	Error: [$injector:unpr] Unknown provider: $scopeProvider <- $scope
	http://errors.angularjs.org/1.3.14/$injector/unpr?p0=%24scopeProvider%20%3C-%20%24scope
	    at C:/cygwin/home/Marcin/myApp/app/bower_components/angular/angular.js:63:12
	    at C:/cygwin/home/Marcin/myApp/app/bower_components/angular/angular.js:3997:19
	    at Object.getService [as get] (C:/cygwin/home/Marcin/myApp/app/bower_components/angular/angular.js:4144:39)
	    at C:/cygwin/home/Marcin/myApp/app/bower_components/angular/angular.js:4002:45
	    at getService (C:/cygwin/home/Marcin/myApp/app/bower_components/angular/angular.js:4144:39)
	    at Object.invoke (C:/cygwin/home/Marcin/myApp/app/bower_components/angular/angular.js:4176:13)
	    at workFn (C:/cygwin/home/Marcin/myApp/app/bower_components/angular-mocks/angular-mocks.js:2177:20)
	Error: Declaration Location
	    at window.inject.angular.mock.inject (C:/cygwin/home/Marcin/myApp/app/bower_components/angular-mocks/angular-mocks.js:2162:25)
	    at null.<anonymous> (C:/cygwin/home/Marcin/myApp/test/unit/controllersSpec.js:64:13)
	    at C:/cygwin/home/Marcin/myApp/test/unit/controllersSpec.js:53:1
	ReferenceError: describer is not defined
	    at null.<anonymous> (C:/cygwin/home/Marcin/myApp/test/unit/controllersSpec.js:69:2)
	    at C:/cygwin/home/Marcin/myApp/test/unit/controllersSpec.js:53:1
Chrome 40.0.2214 (Windows 7): Executed 2 of 2[31m (1 FAILED)[39m (0 secs / 0.037 secs)
[1A[2KChrome 40.0.2214 (Windows 7): Executed 2 of 2[31m (1 FAILED)[39m (1.059 secs / 0.037 secs)
